Vivado Simulator 2019.2
Time resolution is 1 ps
==============================================================
Test begin!
----[  12055 ns] Number 8'd01 Functional Test Point PASS!!!
        [  22000 ns] Test is running, debug_wb_pc = 0x1c052f3c
        [  32000 ns] Test is running, debug_wb_pc = 0x1c053edc
----[  36405 ns] Number 8'd02 Functional Test Point PASS!!!
        [  42000 ns] Test is running, debug_wb_pc = 0x1c032a58
        [  52000 ns] Test is running, debug_wb_pc = 0x1c0339f8
----[  54735 ns] Number 8'd03 Functional Test Point PASS!!!
        [  62000 ns] Test is running, debug_wb_pc = 0x1c01db34
        [  72000 ns] Test is running, debug_wb_pc = 0x1c01ead4
----[  79085 ns] Number 8'd04 Functional Test Point PASS!!!
        [  82000 ns] Test is running, debug_wb_pc = 0x1c037b50
        [  92000 ns] Test is running, debug_wb_pc = 0x1c038af0
        [ 102000 ns] Test is running, debug_wb_pc = 0x1c039a90
----[ 103435 ns] Number 8'd05 Functional Test Point PASS!!!
        [ 112000 ns] Test is running, debug_wb_pc = 0x1c028c2c
        [ 122000 ns] Test is running, debug_wb_pc = 0x1c029bcc
----[ 127785 ns] Number 8'd06 Functional Test Point PASS!!!
        [ 132000 ns] Test is running, debug_wb_pc = 0x1c019458
        [ 142000 ns] Test is running, debug_wb_pc = 0x1c01a3f8
        [ 152000 ns] Test is running, debug_wb_pc = 0x1c01b398
----[ 152135 ns] Number 8'd07 Functional Test Point PASS!!!
        [ 162000 ns] Test is running, debug_wb_pc = 0x1c058e9c
        [ 172000 ns] Test is running, debug_wb_pc = 0x1c059e3c
----[ 176485 ns] Number 8'd08 Functional Test Point PASS!!!
        [ 182000 ns] Test is running, debug_wb_pc = 0x1c03a520
        [ 192000 ns] Test is running, debug_wb_pc = 0x1c03b4c0
----[ 200835 ns] Number 8'd09 Functional Test Point PASS!!!
        [ 202000 ns] Test is running, debug_wb_pc = 0x1c04fbc4
        [ 212000 ns] Test is running, debug_wb_pc = 0x1c050b64
        [ 222000 ns] Test is running, debug_wb_pc = 0x1c051b04
----[ 225185 ns] Number 8'd10 Functional Test Point PASS!!!
        [ 232000 ns] Test is running, debug_wb_pc = 0x1c05cbf0
        [ 242000 ns] Test is running, debug_wb_pc = 0x1c05db90
----[ 243515 ns] Number 8'd11 Functional Test Point PASS!!!
        [ 252000 ns] Test is running, debug_wb_pc = 0x1c0449f4
----[ 261845 ns] Number 8'd12 Functional Test Point PASS!!!
        [ 262000 ns] Test is running, debug_wb_pc = 0x1c010210
        [ 272000 ns] Test is running, debug_wb_pc = 0x1c02b468
----[ 280175 ns] Number 8'd13 Functional Test Point PASS!!!
        [ 282000 ns] Test is running, debug_wb_pc = 0x1c062294
----[ 290685 ns] Number 8'd14 Functional Test Point PASS!!!
        [ 292000 ns] Test is running, debug_wb_pc = 0x1c064530
----[ 301995 ns] Number 8'd15 Functional Test Point PASS!!!
        [ 302000 ns] Test is running, debug_wb_pc = 0x1c0100c4
        [ 312000 ns] Test is running, debug_wb_pc = 0x1c011b0c
        [ 322000 ns] Test is running, debug_wb_pc = 0x1c012f5c
        [ 332000 ns] Test is running, debug_wb_pc = 0x1c01404c
        [ 342000 ns] Test is running, debug_wb_pc = 0x1c015154
        [ 352000 ns] Test is running, debug_wb_pc = 0x1c01650c
        [ 362000 ns] Test is running, debug_wb_pc = 0x1c01799c
----[ 363495 ns] Number 8'd16 Functional Test Point PASS!!!
        [ 372000 ns] Test is running, debug_wb_pc = 0x1c020404
        [ 382000 ns] Test is running, debug_wb_pc = 0x1c0214e8
        [ 392000 ns] Test is running, debug_wb_pc = 0x1c0227e4
        [ 402000 ns] Test is running, debug_wb_pc = 0x1c023c74
        [ 412000 ns] Test is running, debug_wb_pc = 0x1c024ecc
        [ 422000 ns] Test is running, debug_wb_pc = 0x1c025fbc
----[ 428955 ns] Number 8'd17 Functional Test Point PASS!!!
        [ 432000 ns] Test is running, debug_wb_pc = 0x1c049a04
        [ 442000 ns] Test is running, debug_wb_pc = 0x1c04aae8
        [ 452000 ns] Test is running, debug_wb_pc = 0x1c04bbac
        [ 462000 ns] Test is running, debug_wb_pc = 0x1c04cc7c
        [ 472000 ns] Test is running, debug_wb_pc = 0x1c04dd54
----[ 481225 ns] Number 8'd18 Functional Test Point PASS!!!
        [ 482000 ns] Test is running, debug_wb_pc = 0x1c02d180
        [ 492000 ns] Test is running, debug_wb_pc = 0x1c02e270
        [ 502000 ns] Test is running, debug_wb_pc = 0x1c02f360
        [ 512000 ns] Test is running, debug_wb_pc = 0x1c030448
        [ 522000 ns] Test is running, debug_wb_pc = 0x1c031538
----[ 529495 ns] Number 8'd19 Functional Test Point PASS!!!
        [ 532000 ns] Test is running, debug_wb_pc = 0x1c03ff3c
        [ 542000 ns] Test is running, debug_wb_pc = 0x1c041084
        [ 552000 ns] Test is running, debug_wb_pc = 0x1c0421c4
        [ 562000 ns] Test is running, debug_wb_pc = 0x1c04330c
----[ 567765 ns] Number 8'd20 Functional Test Point PASS!!!
        [ 572000 ns] Test is running, debug_wb_pc = 0x1c055b50
        [ 582000 ns] Test is running, debug_wb_pc = 0x1c056af8
        [ 592000 ns] Test is running, debug_wb_pc = 0x1c057a98
----[ 595125 ns] Number 8'd21 Functional Test Point PASS!!!
        [ 602000 ns] Test is running, debug_wb_pc = 0x1c05afb0
        [ 612000 ns] Test is running, debug_wb_pc = 0x1c05bf50
----[ 613455 ns] Number 8'd22 Functional Test Point PASS!!!
        [ 622000 ns] Test is running, debug_wb_pc = 0x1c01c0dc
----[ 631785 ns] Number 8'd23 Functional Test Point PASS!!!
        [ 632000 ns] Test is running, debug_wb_pc = 0x1c03c298
        [ 642000 ns] Test is running, debug_wb_pc = 0x1c03d238
----[ 650115 ns] Number 8'd24 Functional Test Point PASS!!!
        [ 652000 ns] Test is running, debug_wb_pc = 0x1c05e094
        [ 662000 ns] Test is running, debug_wb_pc = 0x1c05f034
----[ 668445 ns] Number 8'd25 Functional Test Point PASS!!!
        [ 672000 ns] Test is running, debug_wb_pc = 0x1c03e428
        [ 682000 ns] Test is running, debug_wb_pc = 0x1c03f3c8
----[ 686775 ns] Number 8'd26 Functional Test Point PASS!!!
        [ 692000 ns] Test is running, debug_wb_pc = 0x1c060224
        [ 702000 ns] Test is running, debug_wb_pc = 0x1c0611c4
----[ 711125 ns] Number 8'd27 Functional Test Point PASS!!!
        [ 712000 ns] Test is running, debug_wb_pc = 0x1c047088
        [ 722000 ns] Test is running, debug_wb_pc = 0x1c048028
        [ 732000 ns] Test is running, debug_wb_pc = 0x1c048fc8
----[ 735475 ns] Number 8'd28 Functional Test Point PASS!!!
        [ 742000 ns] Test is running, debug_wb_pc = 0x1c034824
        [ 752000 ns] Test is running, debug_wb_pc = 0x1c0357c4
----[ 759825 ns] Number 8'd29 Functional Test Point PASS!!!
        [ 762000 ns] Test is running, debug_wb_pc = 0x1c04eff0
----[ 768595 ns] Number 8'd30 Functional Test Point PASS!!!
        [ 772000 ns] Test is running, debug_wb_pc = 0x1c0270a4
----[ 781235 ns] Number 8'd31 Functional Test Point PASS!!!
        [ 782000 ns] Test is running, debug_wb_pc = 0x1c0364e4
        [ 792000 ns] Test is running, debug_wb_pc = 0x1c037484
----[ 793625 ns] Number 8'd32 Functional Test Point PASS!!!
        [ 802000 ns] Test is running, debug_wb_pc = 0x1c063cf0
----[ 806155 ns] Number 8'd33 Functional Test Point PASS!!!
        [ 812000 ns] Test is running, debug_wb_pc = 0x1c01856c
----[ 817525 ns] Number 8'd34 Functional Test Point PASS!!!
        [ 822000 ns] Test is running, debug_wb_pc = 0x1c054c70
----[ 827485 ns] Number 8'd35 Functional Test Point PASS!!!
        [ 832000 ns] Test is running, debug_wb_pc = 0x1c046018
----[ 841825 ns] Number 8'd36 Functional Test Point PASS!!!
        [ 842000 ns] Test is running, debug_wb_pc = 0x1c010218
==============================================================
gettrace end!
----Succeed in generating trace file!
$finish called at time : 842155 ns : File "D:/CALab/cdp_ede_local/output/exp10/gettrace/src/tb_top.v" Line 224
